android_backup/app/build/intermediates/manifest_merge_blame_file/debug/processDebugMainManifest/manifest-merger-blame-debug-report.txt
1<?xml version="1.0" encoding="utf-8"?>
2<manifest xmlns:android="http://schemas.android.com/apk/res/android"
3    package="com.vibewise.app"
4    android:versionCode="1"
5    android:versionName="1.0" >
6
7    <uses-sdk
8        android:minSdkVersion="23"
9        android:targetSdkVersion="35" />
10
11    <!-- Permissions -->
12
13    <uses-permission android:name="android.permission.INTERNET" />
13-->src/main/AndroidManifest.xml:69:5-67
13-->src/main/AndroidManifest.xml:69:22-64
14    <uses-permission android:name="android.permission.POST_NOTIFICATIONS" />
14-->src/main/AndroidManifest.xml:70:5-77
14-->src/main/AndroidManifest.xml:70:22-74
15    <uses-permission android:name="android.permission.RECEIVE_BOOT_COMPLETED" />
15-->src/main/AndroidManifest.xml:71:5-81
15-->src/main/AndroidManifest.xml:71:22-78
16    <uses-permission android:name="android.permission.SCHEDULE_EXACT_ALARM" />
16-->src/main/AndroidManifest.xml:72:5-79
16-->src/main/AndroidManifest.xml:72:22-76
17
18    <queries>
18-->[:capacitor-browser] AndroidManifest.xml:7:5-11:15
19        <intent>
19-->[:capacitor-browser] AndroidManifest.xml:8:9-10:18
20            <action android:name="android.support.customtabs.action.CustomTabsService" />
20-->[:capacitor-browser] AndroidManifest.xml:9:13-90
20-->[:capacitor-browser] AndroidManifest.xml:9:21-87
21        </intent>
22    </queries>
23
24    <uses-permission android:name="android.permission.WAKE_LOCK" />
24-->[:capacitor-local-notifications] AndroidManifest.xml:8:5-68
24-->[:capacitor-local-notifications] AndroidManifest.xml:8:22-65
25    <uses-permission android:name="android.permission.ACCESS_NETWORK_STATE" /> <!-- Required by older versions of Google Play services to create IID tokens -->
25-->[com.google.firebase:firebase-messaging:24.1.0] AndroidManifest.xml:22:5-79
25-->[com.google.firebase:firebase-messaging:24.1.0] AndroidManifest.xml:22:22-76
26    <uses-permission android:name="com.google.android.c2dm.permission.RECEIVE" />
26-->[com.google.firebase:firebase-messaging:24.1.0] AndroidManifest.xml:26:5-82
26-->[com.google.firebase:firebase-messaging:24.1.0] AndroidManifest.xml:26:22-79
27
28    <permission
28-->[androidx.core:core:1.15.0] AndroidManifest.xml:22:5-24:47
29        android:name="com.vibewise.app.DYNAMIC_RECEIVER_NOT_EXPORTED_PERMISSION"
29-->[androidx.core:core:1.15.0] AndroidManifest.xml:23:9-81
30        android:protectionLevel="signature" />
30-->[androidx.core:core:1.15.0] AndroidManifest.xml:24:9-44
31
32    <uses-permission android:name="com.vibewise.app.DYNAMIC_RECEIVER_NOT_EXPORTED_PERMISSION" />
32-->[androidx.core:core:1.15.0] AndroidManifest.xml:26:5-97
32-->[androidx.core:core:1.15.0] AndroidManifest.xml:26:22-94
33
34    <application
34-->src/main/AndroidManifest.xml:4:5-65:19
35        android:allowBackup="true"
35-->src/main/AndroidManifest.xml:5:9-35
36        android:appComponentFactory="androidx.core.app.CoreComponentFactory"
36-->[androidx.core:core:1.15.0] AndroidManifest.xml:28:18-86
37        android:debuggable="true"
38        android:extractNativeLibs="false"
39        android:icon="@mipmap/ic_launcher"
39-->src/main/AndroidManifest.xml:6:9-43
40        android:label="@string/app_name"
40-->src/main/AndroidManifest.xml:7:9-41
41        android:roundIcon="@mipmap/ic_launcher_round"
41-->src/main/AndroidManifest.xml:8:9-54
42        android:supportsRtl="true"
42-->src/main/AndroidManifest.xml:9:9-35
43        android:testOnly="true"
44        android:theme="@style/AppTheme" >
44-->src/main/AndroidManifest.xml:10:9-40
45        <activity
45-->src/main/AndroidManifest.xml:12:9-54:20
46            android:name="com.vibewise.app.MainActivity"
46-->src/main/AndroidManifest.xml:14:13-41
47            android:configChanges="orientation|keyboardHidden|keyboard|screenSize|locale|smallestScreenSize|screenLayout|uiMode|navigation"
47-->src/main/AndroidManifest.xml:13:13-140
48            android:exported="true"
48-->src/main/AndroidManifest.xml:18:13-36
49            android:label="@string/title_activity_main"
49-->src/main/AndroidManifest.xml:15:13-56
50            android:launchMode="singleTask"
50-->src/main/AndroidManifest.xml:17:13-44
51            android:theme="@style/AppTheme.NoActionBarLaunch" >
51-->src/main/AndroidManifest.xml:16:13-62
52            <intent-filter>
52-->src/main/AndroidManifest.xml:20:13-23:29
53                <action android:name="android.intent.action.MAIN" />
53-->src/main/AndroidManifest.xml:21:17-69
53-->src/main/AndroidManifest.xml:21:25-66
54
55                <category android:name="android.intent.category.LAUNCHER" />
55-->src/main/AndroidManifest.xml:22:17-77
55-->src/main/AndroidManifest.xml:22:27-74
56            </intent-filter>
57
58            <!-- Handle Google OAuth redirects -->
59            <intent-filter>
59-->src/main/AndroidManifest.xml:26:13-33:29
60                <action android:name="android.intent.action.VIEW" />
60-->src/main/AndroidManifest.xml:27:17-69
60-->src/main/AndroidManifest.xml:27:25-66
61
62                <category android:name="android.intent.category.DEFAULT" />
62-->src/main/AndroidManifest.xml:28:17-76
62-->src/main/AndroidManifest.xml:28:27-73
63                <category android:name="android.intent.category.BROWSABLE" />
63-->src/main/AndroidManifest.xml:29:17-78
63-->src/main/AndroidManifest.xml:29:27-75
64
65                <data
65-->src/main/AndroidManifest.xml:30:17-32:53
66                    android:host="oauth2redirect"
66-->src/main/AndroidManifest.xml:32:21-50
67                    android:scheme="com.vibewise.app" />
67-->src/main/AndroidManifest.xml:31:21-54
68            </intent-filter>
69
70            <!-- Handle Firebase Authentication Redirects -->
71            <intent-filter>
71-->src/main/AndroidManifest.xml:36:13-44:29
72                <action android:name="android.intent.action.VIEW" />
72-->src/main/AndroidManifest.xml:27:17-69
72-->src/main/AndroidManifest.xml:27:25-66
73
74                <category android:name="android.intent.category.DEFAULT" />
74-->src/main/AndroidManifest.xml:28:17-76
74-->src/main/AndroidManifest.xml:28:27-73
75                <category android:name="android.intent.category.BROWSABLE" />
75-->src/main/AndroidManifest.xml:29:17-78
75-->src/main/AndroidManifest.xml:29:27-75
76
77                <data
77-->src/main/AndroidManifest.xml:30:17-32:53
78                    android:host="vibewise-main.firebaseapp.com"
78-->src/main/AndroidManifest.xml:32:21-50
79                    android:pathPrefix="/__/auth/callback"
79-->src/main/AndroidManifest.xml:43:21-59
80                    android:scheme="https" />
80-->src/main/AndroidManifest.xml:31:21-54
81            </intent-filter>
82
83            <!-- Custom scheme for direct authentication callbacks -->
84            <intent-filter>
84-->src/main/AndroidManifest.xml:47:13-52:29
85                <action android:name="android.intent.action.VIEW" />
85-->src/main/AndroidManifest.xml:27:17-69
85-->src/main/AndroidManifest.xml:27:25-66
86
87                <category android:name="android.intent.category.DEFAULT" />
87-->src/main/AndroidManifest.xml:28:17-76
87-->src/main/AndroidManifest.xml:28:27-73
88                <category android:name="android.intent.category.BROWSABLE" />
88-->src/main/AndroidManifest.xml:29:17-78
88-->src/main/AndroidManifest.xml:29:27-75
89
90                <data
90-->src/main/AndroidManifest.xml:30:17-32:53
91                    android:host="auth-callback"
91-->src/main/AndroidManifest.xml:32:21-50
92                    android:scheme="vibewise" />
92-->src/main/AndroidManifest.xml:31:21-54
93            </intent-filter>
94        </activity>
95
96        <provider
97            android:name="androidx.core.content.FileProvider"
97-->src/main/AndroidManifest.xml:57:13-62
98            android:authorities="com.vibewise.app.fileprovider"
98-->src/main/AndroidManifest.xml:58:13-64
99            android:exported="false"
99-->src/main/AndroidManifest.xml:59:13-37
100            android:grantUriPermissions="true" >
100-->src/main/AndroidManifest.xml:60:13-47
101            <meta-data
101-->src/main/AndroidManifest.xml:61:13-63:64
102                android:name="android.support.FILE_PROVIDER_PATHS"
102-->src/main/AndroidManifest.xml:62:17-67
103                android:resource="@xml/file_paths" />
103-->src/main/AndroidManifest.xml:63:17-51
104        </provider>
105
106        <activity
106-->[:capacitor-browser] AndroidManifest.xml:14:9-18:75
107            android:name="com.capacitorjs.plugins.browser.BrowserControllerActivity"
107-->[:capacitor-browser] AndroidManifest.xml:15:13-85
108            android:exported="false"
108-->[:capacitor-browser] AndroidManifest.xml:16:13-37
109            android:launchMode="singleTask"
109-->[:capacitor-browser] AndroidManifest.xml:17:13-44
110            android:theme="@android:style/Theme.Translucent.NoTitleBar" />
110-->[:capacitor-browser] AndroidManifest.xml:18:13-72
111
112        <receiver android:name="com.capacitorjs.plugins.localnotifications.TimedNotificationPublisher" />
112-->[:capacitor-local-notifications] AndroidManifest.xml:12:9-106
112-->[:capacitor-local-notifications] AndroidManifest.xml:12:19-103
113        <receiver android:name="com.capacitorjs.plugins.localnotifications.NotificationDismissReceiver" />
113-->[:capacitor-local-notifications] AndroidManifest.xml:13:9-107
113-->[:capacitor-local-notifications] AndroidManifest.xml:13:19-104
114        <receiver
114-->[:capacitor-local-notifications] AndroidManifest.xml:14:9-23:20
115            android:name="com.capacitorjs.plugins.localnotifications.LocalNotificationRestoreReceiver"
115-->[:capacitor-local-notifications] AndroidManifest.xml:15:13-103
116            android:directBootAware="true"
116-->[:capacitor-local-notifications] AndroidManifest.xml:16:13-43
117            android:exported="false" >
117-->[:capacitor-local-notifications] AndroidManifest.xml:17:13-37
118            <intent-filter>
118-->[:capacitor-local-notifications] AndroidManifest.xml:18:13-22:29
119                <action android:name="android.intent.action.LOCKED_BOOT_COMPLETED" />
119-->[:capacitor-local-notifications] AndroidManifest.xml:19:17-86
119-->[:capacitor-local-notifications] AndroidManifest.xml:19:25-83
120                <action android:name="android.intent.action.BOOT_COMPLETED" />
120-->[:capacitor-local-notifications] AndroidManifest.xml:20:17-79
120-->[:capacitor-local-notifications] AndroidManifest.xml:20:25-76
121                <action android:name="android.intent.action.QUICKBOOT_POWERON" />
121-->[:capacitor-local-notifications] AndroidManifest.xml:21:17-82
121-->[:capacitor-local-notifications] AndroidManifest.xml:21:25-79
122            </intent-filter>
123        </receiver>
124
125        <service
125-->[:capacitor-push-notifications] AndroidManifest.xml:8:9-14:19
126            android:name="com.capacitorjs.plugins.pushnotifications.MessagingService"
126-->[:capacitor-push-notifications] AndroidManifest.xml:9:13-86
127            android:exported="false" >
127-->[:capacitor-push-notifications] AndroidManifest.xml:10:13-37
128            <intent-filter>
128-->[:capacitor-push-notifications] AndroidManifest.xml:11:13-13:29
129                <action android:name="com.google.firebase.MESSAGING_EVENT" />
129-->[:capacitor-push-notifications] AndroidManifest.xml:12:17-78
129-->[:capacitor-push-notifications] AndroidManifest.xml:12:25-75
130            </intent-filter>
131        </service>
132
133        <receiver
133-->[com.google.firebase:firebase-messaging:24.1.0] AndroidManifest.xml:29:9-40:20
134            android:name="com.google.firebase.iid.FirebaseInstanceIdReceiver"
134-->[com.google.firebase:firebase-messaging:24.1.0] AndroidManifest.xml:30:13-78
135            android:exported="true"
135-->[com.google.firebase:firebase-messaging:24.1.0] AndroidManifest.xml:31:13-36
136            android:permission="com.google.android.c2dm.permission.SEND" >
136-->[com.google.firebase:firebase-messaging:24.1.0] AndroidManifest.xml:32:13-73
137            <intent-filter>
137-->[com.google.firebase:firebase-messaging:24.1.0] AndroidManifest.xml:33:13-35:29
138                <action android:name="com.google.android.c2dm.intent.RECEIVE" />
138-->[com.google.firebase:firebase-messaging:24.1.0] AndroidManifest.xml:34:17-81
138-->[com.google.firebase:firebase-messaging:24.1.0] AndroidManifest.xml:34:25-78
139            </intent-filter>
140
141            <meta-data
141-->[com.google.firebase:firebase-messaging:24.1.0] AndroidManifest.xml:37:13-39:40
142                android:name="com.google.android.gms.cloudmessaging.FINISHED_AFTER_HANDLED"
142-->[com.google.firebase:firebase-messaging:24.1.0] AndroidManifest.xml:38:17-92
143                android:value="true" />
143-->[com.google.firebase:firebase-messaging:24.1.0] AndroidManifest.xml:39:17-37
144        </receiver>
145        <!--
146             FirebaseMessagingService performs security checks at runtime,
147             but set to not exported to explicitly avoid allowing another app to call it.
148        -->
149        <service
149-->[com.google.firebase:firebase-messaging:24.1.0] AndroidManifest.xml:46:9-53:19
150            android:name="com.google.firebase.messaging.FirebaseMessagingService"
150-->[com.google.firebase:firebase-messaging:24.1.0] AndroidManifest.xml:47:13-82
151            android:directBootAware="true"
151-->[com.google.firebase:firebase-messaging:24.1.0] AndroidManifest.xml:48:13-43
152            android:exported="false" >
152-->[com.google.firebase:firebase-messaging:24.1.0] AndroidManifest.xml:49:13-37
153            <intent-filter android:priority="-500" >
153-->[:capacitor-push-notifications] AndroidManifest.xml:11:13-13:29
154                <action android:name="com.google.firebase.MESSAGING_EVENT" />
154-->[:capacitor-push-notifications] AndroidManifest.xml:12:17-78
154-->[:capacitor-push-notifications] AndroidManifest.xml:12:25-75
155            </intent-filter>
156        </service>
157        <service
157-->[com.google.firebase:firebase-messaging:24.1.0] AndroidManifest.xml:54:9-63:19
158            android:name="com.google.firebase.components.ComponentDiscoveryService"
158-->[com.google.firebase:firebase-messaging:24.1.0] AndroidManifest.xml:55:13-84
159            android:directBootAware="true"
159-->[com.google.firebase:firebase-common:21.0.0] AndroidManifest.xml:32:13-43
160            android:exported="false" >
160-->[com.google.firebase:firebase-messaging:24.1.0] AndroidManifest.xml:56:13-37
161            <meta-data
161-->[com.google.firebase:firebase-messaging:24.1.0] AndroidManifest.xml:57:13-59:85
162                android:name="com.google.firebase.components:com.google.firebase.messaging.FirebaseMessagingKtxRegistrar"
162-->[com.google.firebase:firebase-messaging:24.1.0] AndroidManifest.xml:58:17-122
163                android:value="com.google.firebase.components.ComponentRegistrar" />
163-->[com.google.firebase:firebase-messaging:24.1.0] AndroidManifest.xml:59:17-82
164            <meta-data
164-->[com.google.firebase:firebase-messaging:24.1.0] AndroidManifest.xml:60:13-62:85
165                android:name="com.google.firebase.components:com.google.firebase.messaging.FirebaseMessagingRegistrar"
165-->[com.google.firebase:firebase-messaging:24.1.0] AndroidManifest.xml:61:17-119
166                android:value="com.google.firebase.components.ComponentRegistrar" />
166-->[com.google.firebase:firebase-messaging:24.1.0] AndroidManifest.xml:62:17-82
167            <meta-data
167-->[com.google.firebase:firebase-installations:17.2.0] AndroidManifest.xml:15:13-17:85
168                android:name="com.google.firebase.components:com.google.firebase.installations.FirebaseInstallationsKtxRegistrar"
168-->[com.google.firebase:firebase-installations:17.2.0] AndroidManifest.xml:16:17-130
169                android:value="com.google.firebase.components.ComponentRegistrar" />
169-->[com.google.firebase:firebase-installations:17.2.0] AndroidManifest.xml:17:17-82
170            <meta-data
170-->[com.google.firebase:firebase-installations:17.2.0] AndroidManifest.xml:18:13-20:85
171                android:name="com.google.firebase.components:com.google.firebase.installations.FirebaseInstallationsRegistrar"
171-->[com.google.firebase:firebase-installations:17.2.0] AndroidManifest.xml:19:17-127
172                android:value="com.google.firebase.components.ComponentRegistrar" />
172-->[com.google.firebase:firebase-installations:17.2.0] AndroidManifest.xml:20:17-82
173            <meta-data
173-->[com.google.firebase:firebase-common-ktx:21.0.0] AndroidManifest.xml:12:13-14:85
174                android:name="com.google.firebase.components:com.google.firebase.ktx.FirebaseCommonLegacyRegistrar"
174-->[com.google.firebase:firebase-common-ktx:21.0.0] AndroidManifest.xml:13:17-116
175                android:value="com.google.firebase.components.ComponentRegistrar" />
175-->[com.google.firebase:firebase-common-ktx:21.0.0] AndroidManifest.xml:14:17-82
176            <meta-data
176-->[com.google.firebase:firebase-common:21.0.0] AndroidManifest.xml:35:13-37:85
177                android:name="com.google.firebase.components:com.google.firebase.FirebaseCommonKtxRegistrar"
177-->[com.google.firebase:firebase-common:21.0.0] AndroidManifest.xml:36:17-109
178                android:value="com.google.firebase.components.ComponentRegistrar" />
178-->[com.google.firebase:firebase-common:21.0.0] AndroidManifest.xml:37:17-82
179            <meta-data
179-->[com.google.firebase:firebase-datatransport:18.2.0] AndroidManifest.xml:25:13-27:85
180                android:name="com.google.firebase.components:com.google.firebase.datatransport.TransportRegistrar"
180-->[com.google.firebase:firebase-datatransport:18.2.0] AndroidManifest.xml:26:17-115
181                android:value="com.google.firebase.components.ComponentRegistrar" />
181-->[com.google.firebase:firebase-datatransport:18.2.0] AndroidManifest.xml:27:17-82
182        </service>
183
184        <activity
184-->[com.google.android.gms:play-services-base:18.0.1] AndroidManifest.xml:20:9-22:45
185            android:name="com.google.android.gms.common.api.GoogleApiActivity"
185-->[com.google.android.gms:play-services-base:18.0.1] AndroidManifest.xml:20:19-85
186            android:exported="false"
186-->[com.google.android.gms:play-services-base:18.0.1] AndroidManifest.xml:22:19-43
187            android:theme="@android:style/Theme.Translucent.NoTitleBar" />
187-->[com.google.android.gms:play-services-base:18.0.1] AndroidManifest.xml:21:19-78
188
189        <provider
189-->[com.google.firebase:firebase-common:21.0.0] AndroidManifest.xml:23:9-28:39
190            android:name="com.google.firebase.provider.FirebaseInitProvider"
190-->[com.google.firebase:firebase-common:21.0.0] AndroidManifest.xml:24:13-77
191            android:authorities="com.vibewise.app.firebaseinitprovider"
191-->[com.google.firebase:firebase-common:21.0.0] AndroidManifest.xml:25:13-72
192            android:directBootAware="true"
192-->[com.google.firebase:firebase-common:21.0.0] AndroidManifest.xml:26:13-43
193            android:exported="false"
193-->[com.google.firebase:firebase-common:21.0.0] AndroidManifest.xml:27:13-37
194            android:initOrder="100" />
194-->[com.google.firebase:firebase-common:21.0.0] AndroidManifest.xml:28:13-36
195        <provider
195-->[androidx.emoji2:emoji2:1.3.0] AndroidManifest.xml:24:9-32:20
196            android:name="androidx.startup.InitializationProvider"
196-->[androidx.emoji2:emoji2:1.3.0] AndroidManifest.xml:25:13-67
197            android:authorities="com.vibewise.app.androidx-startup"
197-->[androidx.emoji2:emoji2:1.3.0] AndroidManifest.xml:26:13-68
198            android:exported="false" >
198-->[androidx.emoji2:emoji2:1.3.0] AndroidManifest.xml:27:13-37
199            <meta-data
199-->[androidx.emoji2:emoji2:1.3.0] AndroidManifest.xml:29:13-31:52
200                android:name="androidx.emoji2.text.EmojiCompatInitializer"
200-->[androidx.emoji2:emoji2:1.3.0] AndroidManifest.xml:30:17-75
201                android:value="androidx.startup" />
201-->[androidx.emoji2:emoji2:1.3.0] AndroidManifest.xml:31:17-49
202            <meta-data
202-->[androidx.lifecycle:lifecycle-process:2.6.2] AndroidManifest.xml:29:13-31:52
203                android:name="androidx.lifecycle.ProcessLifecycleInitializer"
203-->[androidx.lifecycle:lifecycle-process:2.6.2] AndroidManifest.xml:30:17-78
204                android:value="androidx.startup" />
204-->[androidx.lifecycle:lifecycle-process:2.6.2] AndroidManifest.xml:31:17-49
205            <meta-data
205-->[androidx.profileinstaller:profileinstaller:1.3.1] AndroidManifest.xml:29:13-31:52
206                android:name="androidx.profileinstaller.ProfileInstallerInitializer"
206-->[androidx.profileinstaller:profileinstaller:1.3.1] AndroidManifest.xml:30:17-85
207                android:value="androidx.startup" />
207-->[androidx.profileinstaller:profileinstaller:1.3.1] AndroidManifest.xml:31:17-49
208        </provider>
209
210        <meta-data
210-->[com.google.android.gms:play-services-basement:18.3.0] AndroidManifest.xml:21:9-23:69
211            android:name="com.google.android.gms.version"
211-->[com.google.android.gms:play-services-basement:18.3.0] AndroidManifest.xml:22:13-58
212            android:value="@integer/google_play_services_version" />
212-->[com.google.android.gms:play-services-basement:18.3.0] AndroidManifest.xml:23:13-66
213
214        <receiver
214-->[androidx.profileinstaller:profileinstaller:1.3.1] AndroidManifest.xml:34:9-52:20
215            android:name="androidx.profileinstaller.ProfileInstallReceiver"
215-->[androidx.profileinstaller:profileinstaller:1.3.1] AndroidManifest.xml:35:13-76
216            android:directBootAware="false"
216-->[androidx.profileinstaller:profileinstaller:1.3.1] AndroidManifest.xml:36:13-44
217            android:enabled="true"
217-->[androidx.profileinstaller:profileinstaller:1.3.1] AndroidManifest.xml:37:13-35
218            android:exported="true"
218-->[androidx.profileinstaller:profileinstaller:1.3.1] AndroidManifest.xml:38:13-36
219            android:permission="android.permission.DUMP" >
219-->[androidx.profileinstaller:profileinstaller:1.3.1] AndroidManifest.xml:39:13-57
220            <intent-filter>
220-->[androidx.profileinstaller:profileinstaller:1.3.1] AndroidManifest.xml:40:13-42:29
221                <action android:name="androidx.profileinstaller.action.INSTALL_PROFILE" />
221-->[androidx.profileinstaller:profileinstaller:1.3.1] AndroidManifest.xml:41:17-91
221-->[androidx.profileinstaller:profileinstaller:1.3.1] AndroidManifest.xml:41:25-88
222            </intent-filter>
223            <intent-filter>
223-->[androidx.profileinstaller:profileinstaller:1.3.1] AndroidManifest.xml:43:13-45:29
224                <action android:name="androidx.profileinstaller.action.SKIP_FILE" />
224-->[androidx.profileinstaller:profileinstaller:1.3.1] AndroidManifest.xml:44:17-85
224-->[androidx.profileinstaller:profileinstaller:1.3.1] AndroidManifest.xml:44:25-82
225            </intent-filter>
226            <intent-filter>
226-->[androidx.profileinstaller:profileinstaller:1.3.1] AndroidManifest.xml:46:13-48:29
227                <action android:name="androidx.profileinstaller.action.SAVE_PROFILE" />
227-->[androidx.profileinstaller:profileinstaller:1.3.1] AndroidManifest.xml:47:17-88
227-->[androidx.profileinstaller:profileinstaller:1.3.1] AndroidManifest.xml:47:25-85
228            </intent-filter>
229            <intent-filter>
229-->[androidx.profileinstaller:profileinstaller:1.3.1] AndroidManifest.xml:49:13-51:29
230                <action android:name="androidx.profileinstaller.action.BENCHMARK_OPERATION" />
230-->[androidx.profileinstaller:profileinstaller:1.3.1] AndroidManifest.xml:50:17-95
230-->[androidx.profileinstaller:profileinstaller:1.3.1] AndroidManifest.xml:50:25-92
231            </intent-filter>
232        </receiver>
233
234        <service
234-->[com.google.android.datatransport:transport-backend-cct:3.1.9] AndroidManifest.xml:28:9-34:19
235            android:name="com.google.android.datatransport.runtime.backends.TransportBackendDiscovery"
235-->[com.google.android.datatransport:transport-backend-cct:3.1.9] AndroidManifest.xml:29:13-103
236            android:exported="false" >
236-->[com.google.android.datatransport:transport-backend-cct:3.1.9] AndroidManifest.xml:30:13-37
237            <meta-data
237-->[com.google.android.datatransport:transport-backend-cct:3.1.9] AndroidManifest.xml:31:13-33:39
238                android:name="backend:com.google.android.datatransport.cct.CctBackendFactory"
238-->[com.google.android.datatransport:transport-backend-cct:3.1.9] AndroidManifest.xml:32:17-94
239                android:value="cct" />
239-->[com.google.android.datatransport:transport-backend-cct:3.1.9] AndroidManifest.xml:33:17-36
240        </service>
241        <service
241-->[com.google.android.datatransport:transport-runtime:3.1.9] AndroidManifest.xml:26:9-30:19
242            android:name="com.google.android.datatransport.runtime.scheduling.jobscheduling.JobInfoSchedulerService"
242-->[com.google.android.datatransport:transport-runtime:3.1.9] AndroidManifest.xml:27:13-117
243            android:exported="false"
243-->[com.google.android.datatransport:transport-runtime:3.1.9] AndroidManifest.xml:28:13-37
244            android:permission="android.permission.BIND_JOB_SERVICE" >
244-->[com.google.android.datatransport:transport-runtime:3.1.9] AndroidManifest.xml:29:13-69
245        </service>
246
247        <receiver
247-->[com.google.android.datatransport:transport-runtime:3.1.9] AndroidManifest.xml:32:9-34:40
248            android:name="com.google.android.datatransport.runtime.scheduling.jobscheduling.AlarmManagerSchedulerBroadcastReceiver"
248-->[com.google.android.datatransport:transport-runtime:3.1.9] AndroidManifest.xml:33:13-132
249            android:exported="false" />
249-->[com.google.android.datatransport:transport-runtime:3.1.9] AndroidManifest.xml:34:13-37
250    </application>
251
252</manifest>